  
  D:\TECHNICAL-UNIVERSITY\Програмиране-на-графични-процесори\Greyscale\Reduction>"C:\Program Files\NVIDIA GPU Computing Toolkit\CUDA\v9.0\bin\nvcc.exe" -ccbin "C:\Program Files (x86)\Microsoft Visual Studio\2017\Community\VC\Tools\MSVC\14.11.25503\bin\HostX86\x64" -x cu  -I"C:\Program Files\NVIDIA GPU Computing Toolkit\CUDA\v9.0\include" -I"C:\Program Files\NVIDIA GPU Computing Toolkit\CUDA\v9.0\include"  -G   --keep-dir x64\Debug -maxrregcount=0  --machine 64 --compile   -g   -DWIN32 -DWIN64 -D_DEBUG -D_CONSOLE -D_MBCS -Xcompiler "/EHsc /W3 /nologo /Od /FS /Zi /RTC1 /MDd " -o x64\Debug\GreyScale.cu.obj "D:\TECHNICAL-UNIVERSITY\Програмиране-на-графични-процесори\Greyscale\Reduction\GreyScale.cu" -clean 
  GreyScale.cu
C:\Program Files (x86)\Microsoft Visual Studio\2017\Community\Common7\IDE\VC\VCTargets\Microsoft.CppBuild.targets(391,5): warning MSB8028: The intermediate directory (x64\Debug\) contains files shared from another project (Reduction.vcxproj).  This can lead to incorrect clean and rebuild behavior.
  Compiling CUDA source file GreyScale.cu...
  
  D:\TECHNICAL-UNIVERSITY\Програмиране-на-графични-процесори\Greyscale\Reduction>"C:\Program Files\NVIDIA GPU Computing Toolkit\CUDA\v9.0\bin\nvcc.exe" -gencode=arch=compute_30,code=\"sm_30,compute_30\" --use-local-env --cl-version 2017 -ccbin "C:\Program Files (x86)\Microsoft Visual Studio\2017\Community\VC\Tools\MSVC\14.11.25503\bin\HostX86\x64" -x cu  -I"C:\Program Files\NVIDIA GPU Computing Toolkit\CUDA\v9.0\include" -I"C:\Program Files\NVIDIA GPU Computing Toolkit\CUDA\v9.0\include"  -G   --keep-dir x64\Debug -maxrregcount=0  --machine 64 --compile -cudart static  -g   -DWIN32 -DWIN64 -D_DEBUG -D_CONSOLE -D_MBCS -Xcompiler "/EHsc /W3 /nologo /Od /FS /Zi /RTC1 /MDd " -o x64\Debug\GreyScale.cu.obj "D:\TECHNICAL-UNIVERSITY\Програмиране-на-графични-процесори\Greyscale\Reduction\GreyScale.cu" 
d:\technical-university\яЁюуЁрьшЁрэх-эр-уЁрЇшўэш-яЁюЎхёюЁш\greyscale\reduction\stb_image.h(4014): warning : variable "old_limit" was set but never used
d:\technical-university\яЁюуЁрьшЁрэх-эр-уЁрЇшўэш-яЁюЎхёюЁш\greyscale\reduction\stb_image.h(4893): warning : variable "idata_limit_old" was set but never used
d:\technical-university\яЁюуЁрьшЁрэх-эр-уЁрЇшўэш-яЁюЎхёюЁш\greyscale\reduction\stb_image.h(5113): warning : pointless comparison of unsigned integer with zero
D:/TECHNICAL-UNIVERSITY/╧ЁюуЁрьшЁрэх-эр-уЁрЇшўэш-яЁюЎхёюЁш/Greyscale/Reduction/GreyScale.cu(102): warning : variable "dout_image" is used before its value is set
d:\technical-university\яЁюуЁрьшЁрэх-эр-уЁрЇшўэш-яЁюЎхёюЁш\greyscale\reduction\stb_image.h(4014): warning : variable "old_limit" was set but never used
d:\technical-university\яЁюуЁрьшЁрэх-эр-уЁрЇшўэш-яЁюЎхёюЁш\greyscale\reduction\stb_image.h(4893): warning : variable "idata_limit_old" was set but never used
d:\technical-university\яЁюуЁрьшЁрэх-эр-уЁрЇшўэш-яЁюЎхёюЁш\greyscale\reduction\stb_image.h(5113): warning : pointless comparison of unsigned integer with zero
D:/TECHNICAL-UNIVERSITY/╧ЁюуЁрьшЁрэх-эр-уЁрЇшўэш-яЁюЎхёюЁш/Greyscale/Reduction/GreyScale.cu(102): warning : variable "dout_image" is used before its value is set
  GreyScale.cu
d:\technical-university\програмиране-на-графични-процесори\greyscale\reduction\greyscale.cu(102): warning C4700: uninitialized local variable 'dout_image' used
  Reduction.vcxproj -> D:\TECHNICAL-UNIVERSITY\Програмиране-на-графични-процесори\Greyscale\x64\Debug\GreyScale.exe
  copy "C:\Program Files\NVIDIA GPU Computing Toolkit\CUDA\v9.0\bin\cudart*.dll" "D:\TECHNICAL-UNIVERSITY\Програмиране-на-графични-процесори\Greyscale\x64\Debug\"
  C:\Program Files\NVIDIA GPU Computing Toolkit\CUDA\v9.0\bin\cudart32_90.dll
  C:\Program Files\NVIDIA GPU Computing Toolkit\CUDA\v9.0\bin\cudart64_90.dll
          2 file(s) copied.
